SF:tasks/mocha.js
DA:1,27
DA:2,null
DA:3,27
DA:4,27
DA:5,27
DA:6,null
DA:7,27
DA:8,null
DA:9,null
DA:10,27
DA:11,27
DA:12,27
DA:13,3
DA:14,null
DA:15,null
DA:16,27
DA:17,null
DA:18,null
DA:19,null
DA:20,263
DA:21,29
DA:22,null
DA:23,null
DA:24,263
DA:25,13
DA:26,null
DA:27,null
DA:28,null
DA:29,null
DA:30,27
DA:31,null
DA:32,26
DA:33,2
DA:34,null
DA:35,null
DA:36,26
DA:37,null
DA:38,26
DA:39,null
DA:40,null
DA:41,null
DA:42,27
DA:43,28
DA:44,28
DA:45,28
DA:46,null
DA:47,null
DA:48,28
DA:49,1
DA:50,1
DA:51,1
DA:52,1
DA:53,null
DA:54,null
DA:55,null
DA:56,null
DA:57,null
DA:58,null
DA:59,null
DA:60,27
DA:61,27
DA:62,27
DA:63,26
DA:64,null
DA:65,null
DA:66,27
DA:67,26
DA:68,null
DA:69,null
DA:70,27
DA:71,27
DA:72,null
DA:73,null
DA:74,null
DA:75,26
DA:76,26
DA:77,1
DA:78,1
DA:79,1
DA:80,null
DA:81,25
DA:82,null
DA:83,null
DA:84,null
DA:85,null
DA:86,26
DA:87,26
DA:88,1
DA:89,null
DA:90,25
end_of_record
SF:tasks/lib/MochaWrapper.js
DA:1,27
DA:2,27
DA:3,27
DA:4,null
DA:5,27
DA:6,null
DA:7,null
DA:8,null
DA:9,27
DA:10,27
DA:11,27
DA:12,27
DA:13,27
DA:14,27
DA:15,5
DA:16,5
DA:17,8
DA:18,8
DA:19,7
DA:20,null
DA:21,8
DA:22,null
DA:23,null
DA:24,null
DA:25,27
DA:26,27
DA:27,null
DA:28,26
DA:29,2
DA:30,265
DA:31,null
DA:32,null
DA:33,null
DA:34,26
DA:35,27
DA:36,null
DA:37,null
DA:38,26
DA:39,26
DA:40,null
DA:41,null
DA:42,null
DA:43,null
DA:44,null
DA:45,null
DA:46,26
DA:47,26
DA:48,null
DA:49,25
DA:50,25
DA:51,25
DA:52,25
DA:53,25
DA:54,25
DA:55,25
DA:56,2
DA:57,null
DA:58,25
DA:59,1
DA:60,null
DA:61,25
DA:62,1
DA:63,null
DA:64,25
DA:65,1
DA:66,null
DA:67,null
DA:68,25
DA:69,25
DA:70,25
DA:71,25
DA:72,25
DA:73,null
DA:74,null
DA:75,null
DA:76,null
DA:77,null
DA:78,null
DA:79,null
DA:80,null
DA:81,null
DA:82,null
DA:83,null
DA:84,1
DA:85,null
DA:86,null
DA:87,null
DA:88,27
end_of_record
