SF:tasks/mocha.js
DA:1,28
DA:3,28
DA:4,28
DA:5,28
DA:6,28
DA:8,28
DA:11,28
DA:12,28
DA:13,28
DA:14,4
DA:15,4
DA:18,28
DA:22,276
DA:23,42
DA:26,276
DA:27,13
DA:32,28
DA:34,27
DA:35,3
DA:38,27
DA:40,27
DA:44,28
DA:45,29
DA:46,29
DA:47,29
DA:50,29
DA:51,1
DA:52,1
DA:53,1
DA:54,1
DA:62,28
DA:63,28
DA:64,28
DA:65,27
DA:68,28
DA:69,27
DA:72,28
DA:73,28
DA:77,27
DA:78,27
DA:79,1
DA:80,1
DA:81,1
DA:83,26
DA:88,27
DA:89,27
DA:90,1
DA:92,26
end_of_record
SF:tasks/lib/MochaWrapper.js
DA:1,28
DA:2,28
DA:3,28
DA:5,28
DA:9,28
DA:10,28
DA:11,28
DA:12,28
DA:13,28
DA:14,28
DA:15,5
DA:16,5
DA:17,10
DA:18,8
DA:19,8
DA:20,7
DA:22,8
DA:23,2
DA:24,2
DA:29,28
DA:30,28
DA:32,27
DA:33,2
DA:34,327
DA:38,27
DA:39,28
DA:42,27
DA:43,27
DA:50,27
DA:51,27
DA:53,26
DA:54,26
DA:55,26
DA:56,26
DA:57,26
DA:58,26
DA:59,26
DA:60,2
DA:62,26
DA:63,1
DA:65,26
DA:66,1
DA:68,26
DA:69,1
DA:72,26
DA:73,26
DA:74,26
DA:75,26
DA:76,26
DA:88,1
DA:92,28
end_of_record
